2017-11-26 05:12:35,000 CRIT Supervisor running as root (no user in config file)
2017-11-26 05:12:35,001 WARN Included extra file "/etc/supervisor/conf.d/supervisord.conf" during parsing
2017-11-26 05:12:35,036 INFO RPC interface 'supervisor' initialized
2017-11-26 05:12:35,036 CRIT Server 'unix_http_server' running without any HTTP authentication checking
2017-11-26 05:12:35,036 INFO supervisord started with pid 1
2017-11-26 05:12:36,118 INFO spawned: 'varnishd' with pid 13
2017-11-26 05:12:36,215 INFO spawned: 'php-fpm' with pid 14
2017-11-26 05:12:36,228 INFO spawned: 'varnish-plugins-watcher' with pid 15
2017-11-26 05:12:36,259 INFO spawned: 'nginx' with pid 16
2017-11-26 05:12:36,280 INFO spawned: 'MailHog' with pid 17
2017-11-26 05:12:36,297 INFO spawned: 'mysql' with pid 18
2017-11-26 05:12:36,379 INFO spawned: 'varnish-themes-watcher' with pid 22
2017-11-26 05:12:37,095 INFO success: varnishd entered RUNNING state, process has stayed up for > than 1 seconds (startsecs)
2017-11-26 05:12:38,115 INFO success: php-fpm entered RUNNING state, process has stayed up for > than 1 seconds (startsecs)
2017-11-26 05:12:38,116 INFO success: varnish-plugins-watcher entered RUNNING state, process has stayed up for > than 1 seconds (startsecs)
2017-11-26 05:12:38,116 INFO success: nginx entered RUNNING state, process has stayed up for > than 1 seconds (startsecs)
2017-11-26 05:12:38,116 INFO success: MailHog entered RUNNING state, process has stayed up for > than 1 seconds (startsecs)
2017-11-26 05:12:38,116 INFO success: mysql entered RUNNING state, process has stayed up for > than 1 seconds (startsecs)
2017-11-26 05:12:38,117 INFO success: varnish-themes-watcher entered RUNNING state, process has stayed up for > than 1 seconds (startsecs)
2017-11-26 06:32:14,285 INFO exited: varnishd (exit status 0; expected)
2017-11-26 06:32:15,297 INFO spawned: 'varnishd' with pid 395
2017-12-06 01:41:26,353 CRIT Supervisor running as root (no user in config file)
2017-12-06 01:41:26,353 WARN Included extra file "/etc/supervisor/conf.d/supervisord.conf" during parsing
2017-12-06 01:41:26,867 INFO RPC interface 'supervisor' initialized
2017-12-06 01:41:26,869 CRIT Server 'unix_http_server' running without any HTTP authentication checking
2017-12-06 01:41:26,871 INFO supervisord started with pid 1
2017-12-06 01:41:27,874 INFO spawned: 'varnishd' with pid 24
2017-12-06 01:41:27,878 INFO spawned: 'php-fpm' with pid 25
2017-12-06 01:41:27,882 INFO spawned: 'varnish-plugins-watcher' with pid 26
2017-12-06 01:41:27,892 INFO spawned: 'nginx' with pid 27
2017-12-06 01:41:27,895 INFO spawned: 'MailHog' with pid 28
2017-12-06 01:41:27,897 INFO spawned: 'mysql' with pid 29
2017-12-06 01:41:27,905 INFO spawned: 'varnish-themes-watcher' with pid 30
2017-12-06 01:41:28,912 INFO success: varnishd entered RUNNING state, process has stayed up for > than 1 seconds (startsecs)
2017-12-06 01:41:28,913 INFO success: php-fpm entered RUNNING state, process has stayed up for > than 1 seconds (startsecs)
2017-12-06 01:41:28,913 INFO success: varnish-plugins-watcher entered RUNNING state, process has stayed up for > than 1 seconds (startsecs)
2017-12-06 01:41:28,913 INFO success: nginx entered RUNNING state, process has stayed up for > than 1 seconds (startsecs)
2017-12-06 01:41:28,913 INFO success: MailHog entered RUNNING state, process has stayed up for > than 1 seconds (startsecs)
2017-12-06 01:41:28,913 INFO success: mysql entered RUNNING state, process has stayed up for > than 1 seconds (startsecs)
2017-12-06 01:41:28,913 INFO success: varnish-themes-watcher entered RUNNING state, process has stayed up for > than 1 seconds (startsecs)
2017-12-17 17:22:15,047 CRIT Supervisor running as root (no user in config file)
2017-12-17 17:22:15,047 WARN Included extra file "/etc/supervisor/conf.d/supervisord.conf" during parsing
2017-12-17 17:22:15,416 INFO RPC interface 'supervisor' initialized
2017-12-17 17:22:15,416 CRIT Server 'unix_http_server' running without any HTTP authentication checking
2017-12-17 17:22:15,417 INFO supervisord started with pid 1
2017-12-17 17:22:16,422 INFO spawned: 'varnishd' with pid 29
2017-12-17 17:22:16,427 INFO spawned: 'php-fpm' with pid 30
2017-12-17 17:22:16,438 INFO spawned: 'varnish-plugins-watcher' with pid 31
2017-12-17 17:22:16,454 INFO spawned: 'nginx' with pid 32
2017-12-17 17:22:16,458 INFO spawned: 'MailHog' with pid 33
2017-12-17 17:22:16,463 INFO spawned: 'mysql' with pid 34
2017-12-17 17:22:16,469 INFO spawned: 'varnish-themes-watcher' with pid 35
2017-12-17 17:22:18,321 INFO success: varnishd entered RUNNING state, process has stayed up for > than 1 seconds (startsecs)
2017-12-17 17:22:18,321 INFO success: php-fpm entered RUNNING state, process has stayed up for > than 1 seconds (startsecs)
2017-12-17 17:22:18,321 INFO success: varnish-plugins-watcher entered RUNNING state, process has stayed up for > than 1 seconds (startsecs)
2017-12-17 17:22:18,322 INFO success: nginx entered RUNNING state, process has stayed up for > than 1 seconds (startsecs)
2017-12-17 17:22:18,322 INFO success: MailHog entered RUNNING state, process has stayed up for > than 1 seconds (startsecs)
2017-12-17 17:22:18,322 INFO success: mysql entered RUNNING state, process has stayed up for > than 1 seconds (startsecs)
2017-12-17 17:22:18,322 INFO success: varnish-themes-watcher entered RUNNING state, process has stayed up for > than 1 seconds (startsecs)
