[26-Nov-2017 05:12:53 UTC] PHP Notice:  Undefined index: SERVER_SOFTWARE in phar:///usr/local/bin/wp/php/WP_CLI/Runner.php(1020) : eval()'d code on line 75
[26-Nov-2017 05:12:54 UTC] PHP Notice:  Undefined index: SERVER_SOFTWARE in phar:///usr/local/bin/wp/php/WP_CLI/Runner.php(1020) : eval()'d code on line 75
[26-Nov-2017 05:12:55 UTC] PHP Notice:  Undefined index: SERVER_SOFTWARE in phar:///usr/local/bin/wp/php/WP_CLI/Runner.php(1020) : eval()'d code on line 75
[26-Nov-2017 05:12:55 UTC] PHP Notice:  Undefined index: SERVER_SOFTWARE in phar:///usr/local/bin/wp/php/WP_CLI/Runner.php(1020) : eval()'d code on line 75
[26-Nov-2017 05:12:57 UTC] PHP Notice:  Undefined index: SERVER_SOFTWARE in phar:///usr/local/bin/wp/php/WP_CLI/Runner.php(1020) : eval()'d code on line 75
[26-Nov-2017 05:12:57 UTC] PHP Notice:  Undefined index: SERVER_SOFTWARE in phar:///usr/local/bin/wp/php/WP_CLI/Runner.php(1020) : eval()'d code on line 75
[26-Nov-2017 06:24:35 UTC] PHP Notice:  Use of undefined constant myname - assumed 'myname' in /app/public/my-test.php on line 4
[26-Nov-2017 06:24:58 UTC] PHP Notice:  Use of undefined constant myname - assumed 'myname' in /app/public/my-test.php on line 4
[07-Dec-2017 02:46:14 UTC] PHP Parse error:  syntax error, unexpected 'public' (T_PUBLIC), expecting end of file in /app/public/wp-content/themes/fictional-university-theme/index.php on line 3
[07-Dec-2017 03:17:41 UTC] PHP Fatal error:  Uncaught Error: Call to undefined function have_post() in /app/public/wp-content/themes/fictional-university-theme/index.php:2
Stack trace:
#0 /app/public/wp-includes/template-loader.php(74): include()
#1 /app/public/wp-blog-header.php(19): require_once('/app/public/wp-...')
#2 /app/public/index.php(17): require('/app/public/wp-...')
#3 {main}
  thrown in /app/public/wp-content/themes/fictional-university-theme/index.php on line 2
[07-Dec-2017 03:38:00 UTC] PHP Parse error:  syntax error, unexpected '<' in /app/public/wp-content/themes/fictional-university-theme/single.php on line 6
[09-Dec-2017 20:34:21 UTC] PHP Parse error:  syntax error, unexpected 'wp_enqueue_style' (T_STRING) in /app/public/wp-content/themes/fictional-university-theme/functions.php on line 6
[09-Dec-2017 20:37:10 UTC] PHP Parse error:  syntax error, unexpected 'wp_enqueue_style' (T_STRING) in /app/public/wp-content/themes/fictional-university-theme/functions.php on line 6
[09-Dec-2017 20:47:55 UTC] PHP Parse error:  syntax error, unexpected ')', expecting ',' or ';' in /app/public/wp-content/themes/fictional-university-theme/index.php on line 4
[09-Dec-2017 20:48:10 UTC] PHP Parse error:  syntax error, unexpected 'page' (T_STRING) in /app/public/wp-content/themes/fictional-university-theme/index.php on line 5
[17-Dec-2017 18:04:37 UTC] PHP Parse error:  syntax error, unexpected '}' in /app/public/wp-content/themes/fictional-university-theme/functions.php on line 14
[17-Dec-2017 18:04:57 UTC] PHP Parse error:  syntax error, unexpected '}' in /app/public/wp-content/themes/fictional-university-theme/functions.php on line 14
